2022-10-11 10:24:29,758:INFO:Initializing compare_models()
2022-10-11 10:24:29,758:INFO:compare_models(include=None, fold=None, round=4, cross_validation=True, sort=R2, n_select=1, budget_time=None, turbo=True, errors=ignore, fit_kwargs=None, groups=None, verbose=True, display=None, exclude=None)
2022-10-11 10:24:29,758:INFO:Checking exceptions
2022-10-11 22:17:30,244:INFO:PyCaret Supervised Module
2022-10-11 22:17:30,244:INFO:ML Usecase: regression
2022-10-11 22:17:30,244:INFO:version 2.2.2
2022-10-11 22:17:30,244:INFO:Initializing setup()
2022-10-11 22:17:30,244:INFO:setup(target=cc_cons, ml_usecase=regression, available_plots={'parameter': 'Hyperparameters', 'residuals': 'Residuals', 'error': 'Prediction Error', 'cooks': 'Cooks Distance', 'rfe': 'Feature Selection', 'learning': 'Learning Curve', 'manifold': 'Manifold Learning', 'vc': 'Validation Curve', 'feature': 'Feature Importance', 'feature_all': 'Feature Importance (All)', 'tree': 'Decision Tree'}, train_size=0.7, test_data=None, preprocess=True, imputation_type=simple, iterative_imputation_iters=5, categorical_features=None, categorical_imputation=constant, categorical_iterative_imputer=lightgbm, ordinal_features=None, high_cardinality_features=None, high_cardinality_method=frequency, numeric_features=None, numeric_imputation=mean, numeric_iterative_imputer=lightgbm, date_features=None, ignore_features=None, normalize=False, normalize_method=zscore, transformation=False, transformation_method=yeo-johnson, handle_unknown_categorical=True, unknown_categorical_method=least_frequent, pca=False, pca_method=linear, pca_components=None, ignore_low_variance=False, combine_rare_levels=False, rare_level_threshold=0.1, bin_numeric_features=None, remove_outliers=False, outliers_threshold=0.05, remove_multicollinearity=False, multicollinearity_threshold=0.9, remove_perfect_collinearity=True, create_clusters=False, cluster_iter=20, polynomial_features=False, polynomial_degree=2, trigonometry_features=False, polynomial_threshold=0.1, group_features=None, group_names=None, feature_selection=False, feature_selection_threshold=0.8, feature_selection_method=classic, feature_interaction=False, feature_ratio=False, interaction_threshold=0.01, fix_imbalance=False, fix_imbalance_method=None, transform_target=True, transform_target_method=box-cox, data_split_shuffle=True, data_split_stratify=False, fold_strategy=kfold, fold=10, fold_shuffle=False, fold_groups=None, n_jobs=-1, use_gpu=False, custom_pipeline=None, html=True, session_id=None, log_experiment=True, experiment_name=diamond, log_plots=False, log_profile=False, log_data=False, silent=False, verbose=True, profile=False, profile_kwargs=None, display=None)
2022-10-11 22:17:30,244:INFO:Checking environment
2022-10-11 22:17:30,244:INFO:python_version: 3.9.12
2022-10-11 22:17:30,244:INFO:python_build: ('main', 'Apr  4 2022 05:22:27')
2022-10-11 22:17:30,244:INFO:machine: AMD64
2022-10-11 22:17:30,244:INFO:platform: Windows-10-10.0.22000-SP0
2022-10-11 22:17:30,244:INFO:Memory: svmem(total=8299257856, available=1728999424, percent=79.2, used=6570258432, free=1728999424)
2022-10-11 22:17:30,244:INFO:Physical Core: 4
2022-10-11 22:17:30,244:INFO:Logical Core: 8
2022-10-11 22:17:30,244:INFO:Checking libraries
2022-10-11 22:17:30,244:INFO:pd==1.4.2
2022-10-11 22:17:30,244:INFO:numpy==1.21.5
2022-10-11 22:17:30,244:INFO:sklearn==1.1.1
2022-10-11 22:17:30,244:INFO:xgboost==1.6.2
2022-10-11 22:17:30,244:INFO:lightgbm==3.3.2
2022-10-11 22:17:30,442:INFO:catboost==1.1
2022-10-11 22:17:33,701:INFO:mlflow==1.29.0
2022-10-11 22:17:33,701:INFO:Checking Exceptions
2022-10-11 22:17:33,701:INFO:Declaring global variables
2022-10-11 22:17:33,701:INFO:USI: 14c3
2022-10-11 22:17:33,701:INFO:pycaret_globals: {'X', 'fix_imbalance_method_param', 'transform_target_param', '_internal_pipeline', 'transform_target_method_param', 'y', 'fold_groups_param', 'pycaret_globals', 'stratify_param', 'data_before_preprocess', 'n_jobs_param', 'iterative_imputation_iters_param', '_all_models', 'fold_param', 'y_test', 'X_test', 'fold_shuffle_param', 'imputation_classifier', '_all_models_internal', 'seed', '_gpu_n_jobs_param', 'create_model_container', 'imputation_regressor', 'logging_param', '_available_plots', 'target_param', 'y_train', 'exp_name_log', 'html_param', 'prep_pipe', '_all_metrics', '_ml_usecase', 'fold_generator', 'USI', 'X_train', 'master_model_container', 'experiment__', 'gpu_param', 'log_plots_param', 'display_container', 'fix_imbalance_param'}
2022-10-11 22:17:33,701:INFO:Preparing display monitor
2022-10-11 22:17:33,701:INFO:Preparing display monitor
2022-10-11 22:17:33,717:INFO:Importing libraries
2022-10-11 22:17:33,717:INFO:Copying data for preprocessing
2022-10-11 22:17:33,733:INFO:Declaring preprocessing parameters
2022-10-11 22:17:33,741:INFO:Creating preprocessing pipeline
2022-10-11 22:17:33,839:INFO:Preprocessing pipeline created successfully
2022-10-11 22:17:33,839:ERROR:(Process Exit): setup has been interupted with user command 'quit'. setup must rerun.
2022-10-11 22:17:33,839:INFO:Creating global containers
2022-10-11 22:23:31,479:INFO:PyCaret Supervised Module
2022-10-11 22:23:31,479:INFO:ML Usecase: regression
2022-10-11 22:23:31,479:INFO:version 2.2.2
2022-10-11 22:23:31,479:INFO:Initializing setup()
2022-10-11 22:23:31,479:INFO:setup(target=cc_cons, ml_usecase=regression, available_plots={'parameter': 'Hyperparameters', 'residuals': 'Residuals', 'error': 'Prediction Error', 'cooks': 'Cooks Distance', 'rfe': 'Feature Selection', 'learning': 'Learning Curve', 'manifold': 'Manifold Learning', 'vc': 'Validation Curve', 'feature': 'Feature Importance', 'feature_all': 'Feature Importance (All)', 'tree': 'Decision Tree'}, train_size=0.7, test_data=None, preprocess=True, imputation_type=simple, iterative_imputation_iters=5, categorical_features=None, categorical_imputation=constant, categorical_iterative_imputer=lightgbm, ordinal_features=None, high_cardinality_features=None, high_cardinality_method=frequency, numeric_features=None, numeric_imputation=mean, numeric_iterative_imputer=lightgbm, date_features=None, ignore_features=None, normalize=False, normalize_method=zscore, transformation=False, transformation_method=yeo-johnson, handle_unknown_categorical=True, unknown_categorical_method=least_frequent, pca=False, pca_method=linear, pca_components=None, ignore_low_variance=False, combine_rare_levels=False, rare_level_threshold=0.1, bin_numeric_features=None, remove_outliers=False, outliers_threshold=0.05, remove_multicollinearity=False, multicollinearity_threshold=0.9, remove_perfect_collinearity=True, create_clusters=False, cluster_iter=20, polynomial_features=False, polynomial_degree=2, trigonometry_features=False, polynomial_threshold=0.1, group_features=None, group_names=None, feature_selection=False, feature_selection_threshold=0.8, feature_selection_method=classic, feature_interaction=False, feature_ratio=False, interaction_threshold=0.01, fix_imbalance=False, fix_imbalance_method=None, transform_target=True, transform_target_method=box-cox, data_split_shuffle=True, data_split_stratify=False, fold_strategy=kfold, fold=10, fold_shuffle=False, fold_groups=None, n_jobs=-1, use_gpu=False, custom_pipeline=None, html=True, session_id=None, log_experiment=True, experiment_name=diamond, log_plots=False, log_profile=False, log_data=False, silent=False, verbose=True, profile=False, profile_kwargs=None, display=None)
2022-10-11 22:23:31,479:INFO:Checking environment
2022-10-11 22:23:31,487:INFO:python_version: 3.9.12
2022-10-11 22:23:31,487:INFO:python_build: ('main', 'Apr  4 2022 05:22:27')
2022-10-11 22:23:31,487:INFO:machine: AMD64
2022-10-11 22:23:31,487:INFO:platform: Windows-10-10.0.22000-SP0
2022-10-11 22:23:31,487:INFO:Memory: svmem(total=8299257856, available=1705222144, percent=79.5, used=6594035712, free=1705222144)
2022-10-11 22:23:31,487:INFO:Physical Core: 4
2022-10-11 22:23:31,487:INFO:Logical Core: 8
2022-10-11 22:23:31,487:INFO:Checking libraries
2022-10-11 22:23:31,487:INFO:pd==1.4.2
2022-10-11 22:23:31,487:INFO:numpy==1.21.5
2022-10-11 22:23:31,487:INFO:sklearn==1.1.1
2022-10-11 22:23:31,487:INFO:xgboost==1.6.2
2022-10-11 22:23:31,487:INFO:lightgbm==3.3.2
2022-10-11 22:23:31,487:INFO:catboost==1.1
2022-10-11 22:23:31,487:INFO:mlflow==1.29.0
2022-10-11 22:23:31,487:INFO:Checking Exceptions
2022-10-11 22:23:31,487:INFO:Declaring global variables
2022-10-11 22:23:31,487:INFO:USI: d65c
2022-10-11 22:23:31,487:INFO:pycaret_globals: {'X', 'fix_imbalance_method_param', 'transform_target_param', '_internal_pipeline', 'transform_target_method_param', 'y', 'fold_groups_param', 'pycaret_globals', 'stratify_param', 'data_before_preprocess', 'n_jobs_param', 'iterative_imputation_iters_param', '_all_models', 'fold_param', 'y_test', 'X_test', 'fold_shuffle_param', 'imputation_classifier', '_all_models_internal', 'seed', '_gpu_n_jobs_param', 'create_model_container', 'imputation_regressor', 'logging_param', '_available_plots', 'target_param', 'y_train', 'exp_name_log', 'html_param', 'prep_pipe', '_all_metrics', '_ml_usecase', 'fold_generator', 'USI', 'X_train', 'master_model_container', 'experiment__', 'gpu_param', 'log_plots_param', 'display_container', 'fix_imbalance_param'}
2022-10-11 22:23:31,487:INFO:Preparing display monitor
2022-10-11 22:23:31,487:INFO:Preparing display monitor
2022-10-11 22:23:31,495:INFO:Importing libraries
2022-10-11 22:23:31,495:INFO:Copying data for preprocessing
2022-10-11 22:23:31,512:INFO:Declaring preprocessing parameters
2022-10-11 22:23:31,520:INFO:Creating preprocessing pipeline
2022-10-11 22:23:31,584:INFO:Preprocessing pipeline created successfully
2022-10-11 22:23:31,584:ERROR:(Process Exit): setup has been interupted with user command 'quit'. setup must rerun.
2022-10-11 22:23:31,584:INFO:Creating global containers
2022-10-11 22:24:57,949:INFO:PyCaret Supervised Module
2022-10-11 22:24:57,949:INFO:ML Usecase: regression
2022-10-11 22:24:57,949:INFO:version 2.2.2
2022-10-11 22:24:57,949:INFO:Initializing setup()
2022-10-11 22:24:57,949:INFO:setup(target=cc_cons, ml_usecase=regression, available_plots={'parameter': 'Hyperparameters', 'residuals': 'Residuals', 'error': 'Prediction Error', 'cooks': 'Cooks Distance', 'rfe': 'Feature Selection', 'learning': 'Learning Curve', 'manifold': 'Manifold Learning', 'vc': 'Validation Curve', 'feature': 'Feature Importance', 'feature_all': 'Feature Importance (All)', 'tree': 'Decision Tree'}, train_size=0.7, test_data=None, preprocess=True, imputation_type=simple, iterative_imputation_iters=5, categorical_features=None, categorical_imputation=constant, categorical_iterative_imputer=lightgbm, ordinal_features=None, high_cardinality_features=None, high_cardinality_method=frequency, numeric_features=None, numeric_imputation=mean, numeric_iterative_imputer=lightgbm, date_features=None, ignore_features=None, normalize=False, normalize_method=zscore, transformation=False, transformation_method=yeo-johnson, handle_unknown_categorical=True, unknown_categorical_method=least_frequent, pca=False, pca_method=linear, pca_components=None, ignore_low_variance=False, combine_rare_levels=False, rare_level_threshold=0.1, bin_numeric_features=None, remove_outliers=False, outliers_threshold=0.05, remove_multicollinearity=False, multicollinearity_threshold=0.9, remove_perfect_collinearity=True, create_clusters=False, cluster_iter=20, polynomial_features=False, polynomial_degree=2, trigonometry_features=False, polynomial_threshold=0.1, group_features=None, group_names=None, feature_selection=False, feature_selection_threshold=0.8, feature_selection_method=classic, feature_interaction=False, feature_ratio=False, interaction_threshold=0.01, fix_imbalance=False, fix_imbalance_method=None, transform_target=True, transform_target_method=box-cox, data_split_shuffle=True, data_split_stratify=False, fold_strategy=kfold, fold=10, fold_shuffle=False, fold_groups=None, n_jobs=-1, use_gpu=False, custom_pipeline=None, html=True, session_id=None, log_experiment=True, experiment_name=diamond, log_plots=False, log_profile=False, log_data=False, silent=False, verbose=True, profile=False, profile_kwargs=None, display=None)
2022-10-11 22:24:57,949:INFO:Checking environment
2022-10-11 22:24:57,949:INFO:python_version: 3.9.12
2022-10-11 22:24:57,949:INFO:python_build: ('main', 'Apr  4 2022 05:22:27')
2022-10-11 22:24:57,949:INFO:machine: AMD64
2022-10-11 22:24:57,949:INFO:platform: Windows-10-10.0.22000-SP0
2022-10-11 22:24:57,949:INFO:Memory: svmem(total=8299257856, available=1811177472, percent=78.2, used=6488080384, free=1811177472)
2022-10-11 22:24:57,949:INFO:Physical Core: 4
2022-10-11 22:24:57,949:INFO:Logical Core: 8
2022-10-11 22:24:57,949:INFO:Checking libraries
2022-10-11 22:24:57,949:INFO:pd==1.4.2
2022-10-11 22:24:57,949:INFO:numpy==1.21.5
2022-10-11 22:24:57,949:INFO:sklearn==1.1.1
2022-10-11 22:24:57,949:INFO:xgboost==1.6.2
2022-10-11 22:24:57,949:INFO:lightgbm==3.3.2
2022-10-11 22:24:57,949:INFO:catboost==1.1
2022-10-11 22:24:57,949:INFO:mlflow==1.29.0
2022-10-11 22:24:57,949:INFO:Checking Exceptions
2022-10-11 22:24:57,949:INFO:Declaring global variables
2022-10-11 22:24:57,949:INFO:USI: 2f98
2022-10-11 22:24:57,949:INFO:pycaret_globals: {'X', 'fix_imbalance_method_param', 'transform_target_param', '_internal_pipeline', 'transform_target_method_param', 'y', 'fold_groups_param', 'pycaret_globals', 'stratify_param', 'data_before_preprocess', 'n_jobs_param', 'iterative_imputation_iters_param', '_all_models', 'fold_param', 'y_test', 'X_test', 'fold_shuffle_param', 'imputation_classifier', '_all_models_internal', 'seed', '_gpu_n_jobs_param', 'create_model_container', 'imputation_regressor', 'logging_param', '_available_plots', 'target_param', 'y_train', 'exp_name_log', 'html_param', 'prep_pipe', '_all_metrics', '_ml_usecase', 'fold_generator', 'USI', 'X_train', 'master_model_container', 'experiment__', 'gpu_param', 'log_plots_param', 'display_container', 'fix_imbalance_param'}
2022-10-11 22:24:57,949:INFO:Preparing display monitor
2022-10-11 22:24:57,949:INFO:Preparing display monitor
2022-10-11 22:24:57,965:INFO:Importing libraries
2022-10-11 22:24:57,965:INFO:Copying data for preprocessing
2022-10-11 22:24:57,973:INFO:Declaring preprocessing parameters
2022-10-11 22:24:57,981:INFO:Creating preprocessing pipeline
2022-10-11 22:24:58,053:INFO:Preprocessing pipeline created successfully
2022-10-11 22:24:58,053:ERROR:(Process Exit): setup has been interupted with user command 'quit'. setup must rerun.
2022-10-11 22:24:58,053:INFO:Creating global containers
2022-10-11 22:38:59,497:INFO:PyCaret Supervised Module
2022-10-11 22:38:59,497:INFO:ML Usecase: regression
2022-10-11 22:38:59,497:INFO:version 2.2.2
2022-10-11 22:38:59,497:INFO:Initializing setup()
2022-10-11 22:38:59,497:INFO:setup(target=cc_cons, ml_usecase=regression, available_plots={'parameter': 'Hyperparameters', 'residuals': 'Residuals', 'error': 'Prediction Error', 'cooks': 'Cooks Distance', 'rfe': 'Feature Selection', 'learning': 'Learning Curve', 'manifold': 'Manifold Learning', 'vc': 'Validation Curve', 'feature': 'Feature Importance', 'feature_all': 'Feature Importance (All)', 'tree': 'Decision Tree'}, train_size=0.7, test_data=None, preprocess=True, imputation_type=simple, iterative_imputation_iters=5, categorical_features=None, categorical_imputation=constant, categorical_iterative_imputer=lightgbm, ordinal_features=None, high_cardinality_features=None, high_cardinality_method=frequency, numeric_features=None, numeric_imputation=mean, numeric_iterative_imputer=lightgbm, date_features=None, ignore_features=None, normalize=False, normalize_method=zscore, transformation=False, transformation_method=yeo-johnson, handle_unknown_categorical=True, unknown_categorical_method=least_frequent, pca=False, pca_method=linear, pca_components=None, ignore_low_variance=False, combine_rare_levels=False, rare_level_threshold=0.1, bin_numeric_features=None, remove_outliers=False, outliers_threshold=0.05, remove_multicollinearity=False, multicollinearity_threshold=0.9, remove_perfect_collinearity=True, create_clusters=False, cluster_iter=20, polynomial_features=False, polynomial_degree=2, trigonometry_features=False, polynomial_threshold=0.1, group_features=None, group_names=None, feature_selection=False, feature_selection_threshold=0.8, feature_selection_method=classic, feature_interaction=False, feature_ratio=False, interaction_threshold=0.01, fix_imbalance=False, fix_imbalance_method=None, transform_target=True, transform_target_method=box-cox, data_split_shuffle=True, data_split_stratify=False, fold_strategy=kfold, fold=10, fold_shuffle=False, fold_groups=None, n_jobs=-1, use_gpu=False, custom_pipeline=None, html=True, session_id=None, log_experiment=True, experiment_name=diamond, log_plots=False, log_profile=False, log_data=False, silent=False, verbose=True, profile=False, profile_kwargs=None, display=None)
2022-10-11 22:38:59,497:INFO:Checking environment
2022-10-11 22:38:59,497:INFO:python_version: 3.9.12
2022-10-11 22:38:59,497:INFO:python_build: ('main', 'Apr  4 2022 05:22:27')
2022-10-11 22:38:59,497:INFO:machine: AMD64
2022-10-11 22:38:59,497:INFO:platform: Windows-10-10.0.22000-SP0
2022-10-11 22:38:59,497:INFO:Memory: svmem(total=8299257856, available=1806815232, percent=78.2, used=6492442624, free=1806815232)
2022-10-11 22:38:59,497:INFO:Physical Core: 4
2022-10-11 22:38:59,497:INFO:Logical Core: 8
2022-10-11 22:38:59,497:INFO:Checking libraries
2022-10-11 22:38:59,497:INFO:pd==1.4.2
2022-10-11 22:38:59,497:INFO:numpy==1.21.5
2022-10-11 22:38:59,497:INFO:sklearn==1.1.1
2022-10-11 22:38:59,497:INFO:xgboost==1.6.2
2022-10-11 22:38:59,497:INFO:lightgbm==3.3.2
2022-10-11 22:38:59,497:INFO:catboost==1.1
2022-10-11 22:38:59,497:INFO:mlflow==1.29.0
2022-10-11 22:38:59,497:INFO:Checking Exceptions
2022-10-11 22:38:59,497:INFO:Declaring global variables
2022-10-11 22:38:59,497:INFO:USI: 6585
2022-10-11 22:38:59,497:INFO:pycaret_globals: {'X', 'fix_imbalance_method_param', 'transform_target_param', '_internal_pipeline', 'transform_target_method_param', 'y', 'fold_groups_param', 'pycaret_globals', 'stratify_param', 'data_before_preprocess', 'n_jobs_param', 'iterative_imputation_iters_param', '_all_models', 'fold_param', 'y_test', 'X_test', 'fold_shuffle_param', 'imputation_classifier', '_all_models_internal', 'seed', '_gpu_n_jobs_param', 'create_model_container', 'imputation_regressor', 'logging_param', '_available_plots', 'target_param', 'y_train', 'exp_name_log', 'html_param', 'prep_pipe', '_all_metrics', '_ml_usecase', 'fold_generator', 'USI', 'X_train', 'master_model_container', 'experiment__', 'gpu_param', 'log_plots_param', 'display_container', 'fix_imbalance_param'}
2022-10-11 22:38:59,497:INFO:Preparing display monitor
2022-10-11 22:38:59,497:INFO:Preparing display monitor
2022-10-11 22:38:59,514:INFO:Importing libraries
2022-10-11 22:38:59,514:INFO:Copying data for preprocessing
2022-10-11 22:38:59,522:INFO:Declaring preprocessing parameters
2022-10-11 22:38:59,530:INFO:Creating preprocessing pipeline
2022-10-11 22:38:59,605:INFO:Preprocessing pipeline created successfully
2022-10-11 22:38:59,605:ERROR:(Process Exit): setup has been interupted with user command 'quit'. setup must rerun.
2022-10-11 22:38:59,605:INFO:Creating global containers
2022-10-11 22:39:31,427:INFO:PyCaret Supervised Module
2022-10-11 22:39:31,427:INFO:ML Usecase: regression
2022-10-11 22:39:31,427:INFO:version 2.2.2
2022-10-11 22:39:31,427:INFO:Initializing setup()
2022-10-11 22:39:31,427:INFO:setup(target=cc_cons, ml_usecase=regression, available_plots={'parameter': 'Hyperparameters', 'residuals': 'Residuals', 'error': 'Prediction Error', 'cooks': 'Cooks Distance', 'rfe': 'Feature Selection', 'learning': 'Learning Curve', 'manifold': 'Manifold Learning', 'vc': 'Validation Curve', 'feature': 'Feature Importance', 'feature_all': 'Feature Importance (All)', 'tree': 'Decision Tree'}, train_size=0.7, test_data=None, preprocess=True, imputation_type=simple, iterative_imputation_iters=5, categorical_features=None, categorical_imputation=constant, categorical_iterative_imputer=lightgbm, ordinal_features=None, high_cardinality_features=None, high_cardinality_method=frequency, numeric_features=None, numeric_imputation=mean, numeric_iterative_imputer=lightgbm, date_features=None, ignore_features=None, normalize=False, normalize_method=zscore, transformation=False, transformation_method=yeo-johnson, handle_unknown_categorical=True, unknown_categorical_method=least_frequent, pca=False, pca_method=linear, pca_components=None, ignore_low_variance=False, combine_rare_levels=False, rare_level_threshold=0.1, bin_numeric_features=None, remove_outliers=False, outliers_threshold=0.05, remove_multicollinearity=False, multicollinearity_threshold=0.9, remove_perfect_collinearity=True, create_clusters=False, cluster_iter=20, polynomial_features=False, polynomial_degree=2, trigonometry_features=False, polynomial_threshold=0.1, group_features=None, group_names=None, feature_selection=False, feature_selection_threshold=0.8, feature_selection_method=classic, feature_interaction=False, feature_ratio=False, interaction_threshold=0.01, fix_imbalance=False, fix_imbalance_method=None, transform_target=True, transform_target_method=box-cox, data_split_shuffle=True, data_split_stratify=False, fold_strategy=kfold, fold=10, fold_shuffle=False, fold_groups=None, n_jobs=-1, use_gpu=False, custom_pipeline=None, html=True, session_id=None, log_experiment=True, experiment_name=diamond, log_plots=False, log_profile=False, log_data=False, silent=False, verbose=True, profile=False, profile_kwargs=None, display=None)
2022-10-11 22:39:31,427:INFO:Checking environment
2022-10-11 22:39:31,427:INFO:python_version: 3.9.12
2022-10-11 22:39:31,428:INFO:python_build: ('main', 'Apr  4 2022 05:22:27')
2022-10-11 22:39:31,428:INFO:machine: AMD64
2022-10-11 22:39:31,428:INFO:platform: Windows-10-10.0.22000-SP0
2022-10-11 22:39:31,428:INFO:Memory: svmem(total=8299257856, available=1854337024, percent=77.7, used=6444920832, free=1854337024)
2022-10-11 22:39:31,428:INFO:Physical Core: 4
2022-10-11 22:39:31,428:INFO:Logical Core: 8
2022-10-11 22:39:31,428:INFO:Checking libraries
2022-10-11 22:39:31,428:INFO:pd==1.4.2
2022-10-11 22:39:31,428:INFO:numpy==1.21.5
2022-10-11 22:39:31,428:INFO:sklearn==1.1.1
2022-10-11 22:39:31,428:INFO:xgboost==1.6.2
2022-10-11 22:39:31,428:INFO:lightgbm==3.3.2
2022-10-11 22:39:31,428:INFO:catboost==1.1
2022-10-11 22:39:31,428:INFO:mlflow==1.29.0
2022-10-11 22:39:31,428:INFO:Checking Exceptions
2022-10-11 22:39:31,428:INFO:Declaring global variables
2022-10-11 22:39:31,429:INFO:USI: d25e
2022-10-11 22:39:31,429:INFO:pycaret_globals: {'X', 'fix_imbalance_method_param', 'transform_target_param', '_internal_pipeline', 'transform_target_method_param', 'y', 'fold_groups_param', 'pycaret_globals', 'stratify_param', 'data_before_preprocess', 'n_jobs_param', 'iterative_imputation_iters_param', '_all_models', 'fold_param', 'y_test', 'X_test', 'fold_shuffle_param', 'imputation_classifier', '_all_models_internal', 'seed', '_gpu_n_jobs_param', 'create_model_container', 'imputation_regressor', 'logging_param', '_available_plots', 'target_param', 'y_train', 'exp_name_log', 'html_param', 'prep_pipe', '_all_metrics', '_ml_usecase', 'fold_generator', 'USI', 'X_train', 'master_model_container', 'experiment__', 'gpu_param', 'log_plots_param', 'display_container', 'fix_imbalance_param'}
2022-10-11 22:39:31,429:INFO:Preparing display monitor
2022-10-11 22:39:31,429:INFO:Preparing display monitor
2022-10-11 22:39:31,441:INFO:Importing libraries
2022-10-11 22:39:31,441:INFO:Copying data for preprocessing
2022-10-11 22:39:31,450:INFO:Declaring preprocessing parameters
2022-10-11 22:39:31,457:INFO:Creating preprocessing pipeline
2022-10-11 22:39:31,518:INFO:Preprocessing pipeline created successfully
2022-10-11 22:39:31,518:ERROR:(Process Exit): setup has been interupted with user command 'quit'. setup must rerun.
2022-10-11 22:39:31,518:INFO:Creating global containers
2022-10-11 22:42:28,018:INFO:PyCaret Supervised Module
2022-10-11 22:42:28,018:INFO:ML Usecase: regression
2022-10-11 22:42:28,018:INFO:version 2.2.2
2022-10-11 22:42:28,018:INFO:Initializing setup()
2022-10-11 22:42:28,018:INFO:setup(target=cc_cons, ml_usecase=regression, available_plots={'parameter': 'Hyperparameters', 'residuals': 'Residuals', 'error': 'Prediction Error', 'cooks': 'Cooks Distance', 'rfe': 'Feature Selection', 'learning': 'Learning Curve', 'manifold': 'Manifold Learning', 'vc': 'Validation Curve', 'feature': 'Feature Importance', 'feature_all': 'Feature Importance (All)', 'tree': 'Decision Tree'}, train_size=0.7, test_data=None, preprocess=True, imputation_type=simple, iterative_imputation_iters=5, categorical_features=None, categorical_imputation=constant, categorical_iterative_imputer=lightgbm, ordinal_features=None, high_cardinality_features=None, high_cardinality_method=frequency, numeric_features=None, numeric_imputation=mean, numeric_iterative_imputer=lightgbm, date_features=None, ignore_features=None, normalize=False, normalize_method=zscore, transformation=False, transformation_method=yeo-johnson, handle_unknown_categorical=True, unknown_categorical_method=least_frequent, pca=False, pca_method=linear, pca_components=None, ignore_low_variance=False, combine_rare_levels=False, rare_level_threshold=0.1, bin_numeric_features=None, remove_outliers=False, outliers_threshold=0.05, remove_multicollinearity=False, multicollinearity_threshold=0.9, remove_perfect_collinearity=True, create_clusters=False, cluster_iter=20, polynomial_features=False, polynomial_degree=2, trigonometry_features=False, polynomial_threshold=0.1, group_features=None, group_names=None, feature_selection=False, feature_selection_threshold=0.8, feature_selection_method=classic, feature_interaction=False, feature_ratio=False, interaction_threshold=0.01, fix_imbalance=False, fix_imbalance_method=None, transform_target=True, transform_target_method=box-cox, data_split_shuffle=True, data_split_stratify=False, fold_strategy=kfold, fold=10, fold_shuffle=False, fold_groups=None, n_jobs=-1, use_gpu=False, custom_pipeline=None, html=True, session_id=None, log_experiment=True, experiment_name=None, log_plots=False, log_profile=False, log_data=False, silent=False, verbose=True, profile=False, profile_kwargs=None, display=None)
2022-10-11 22:42:28,018:INFO:Checking environment
2022-10-11 22:42:28,018:INFO:python_version: 3.9.12
2022-10-11 22:42:28,018:INFO:python_build: ('main', 'Apr  4 2022 05:22:27')
2022-10-11 22:42:28,018:INFO:machine: AMD64
2022-10-11 22:42:28,018:INFO:platform: Windows-10-10.0.22000-SP0
2022-10-11 22:42:28,018:INFO:Memory: svmem(total=8299257856, available=1857499136, percent=77.6, used=6441758720, free=1857499136)
2022-10-11 22:42:28,018:INFO:Physical Core: 4
2022-10-11 22:42:28,018:INFO:Logical Core: 8
2022-10-11 22:42:28,018:INFO:Checking libraries
2022-10-11 22:42:28,018:INFO:pd==1.4.2
2022-10-11 22:42:28,018:INFO:numpy==1.21.5
2022-10-11 22:42:28,018:INFO:sklearn==1.1.1
2022-10-11 22:42:28,018:INFO:xgboost==1.6.2
2022-10-11 22:42:28,018:INFO:lightgbm==3.3.2
2022-10-11 22:42:28,018:INFO:catboost==1.1
2022-10-11 22:42:28,018:INFO:mlflow==1.29.0
2022-10-11 22:42:28,018:INFO:Checking Exceptions
2022-10-11 22:42:28,018:INFO:Declaring global variables
2022-10-11 22:42:28,018:INFO:USI: 8c40
2022-10-11 22:42:28,018:INFO:pycaret_globals: {'X', 'fix_imbalance_method_param', 'transform_target_param', '_internal_pipeline', 'transform_target_method_param', 'y', 'fold_groups_param', 'pycaret_globals', 'stratify_param', 'data_before_preprocess', 'n_jobs_param', 'iterative_imputation_iters_param', '_all_models', 'fold_param', 'y_test', 'X_test', 'fold_shuffle_param', 'imputation_classifier', '_all_models_internal', 'seed', '_gpu_n_jobs_param', 'create_model_container', 'imputation_regressor', 'logging_param', '_available_plots', 'target_param', 'y_train', 'exp_name_log', 'html_param', 'prep_pipe', '_all_metrics', '_ml_usecase', 'fold_generator', 'USI', 'X_train', 'master_model_container', 'experiment__', 'gpu_param', 'log_plots_param', 'display_container', 'fix_imbalance_param'}
2022-10-11 22:42:28,018:INFO:Preparing display monitor
2022-10-11 22:42:28,018:INFO:Preparing display monitor
2022-10-11 22:42:28,018:INFO:Importing libraries
2022-10-11 22:42:28,018:INFO:Copying data for preprocessing
2022-10-11 22:42:28,042:INFO:Declaring preprocessing parameters
2022-10-11 22:42:28,042:INFO:Creating preprocessing pipeline
2022-10-11 22:42:28,114:INFO:Preprocessing pipeline created successfully
2022-10-11 22:42:28,114:ERROR:(Process Exit): setup has been interupted with user command 'quit'. setup must rerun.
2022-10-11 22:42:28,114:INFO:Creating global containers
2022-10-11 22:45:48,778:INFO:PyCaret Supervised Module
2022-10-11 22:45:48,778:INFO:ML Usecase: regression
2022-10-11 22:45:48,778:INFO:version 2.2.2
2022-10-11 22:45:48,778:INFO:Initializing setup()
2022-10-11 22:45:48,778:INFO:setup(target=cc_cons, ml_usecase=regression, available_plots={'parameter': 'Hyperparameters', 'residuals': 'Residuals', 'error': 'Prediction Error', 'cooks': 'Cooks Distance', 'rfe': 'Feature Selection', 'learning': 'Learning Curve', 'manifold': 'Manifold Learning', 'vc': 'Validation Curve', 'feature': 'Feature Importance', 'feature_all': 'Feature Importance (All)', 'tree': 'Decision Tree'}, train_size=0.7, test_data=None, preprocess=True, imputation_type=simple, iterative_imputation_iters=5, categorical_features=None, categorical_imputation=constant, categorical_iterative_imputer=lightgbm, ordinal_features=None, high_cardinality_features=None, high_cardinality_method=frequency, numeric_features=None, numeric_imputation=mean, numeric_iterative_imputer=lightgbm, date_features=None, ignore_features=None, normalize=False, normalize_method=zscore, transformation=False, transformation_method=yeo-johnson, handle_unknown_categorical=True, unknown_categorical_method=least_frequent, pca=False, pca_method=linear, pca_components=None, ignore_low_variance=False, combine_rare_levels=False, rare_level_threshold=0.1, bin_numeric_features=None, remove_outliers=False, outliers_threshold=0.05, remove_multicollinearity=False, multicollinearity_threshold=0.9, remove_perfect_collinearity=True, create_clusters=False, cluster_iter=20, polynomial_features=False, polynomial_degree=2, trigonometry_features=False, polynomial_threshold=0.1, group_features=None, group_names=None, feature_selection=False, feature_selection_threshold=0.8, feature_selection_method=classic, feature_interaction=False, feature_ratio=False, interaction_threshold=0.01, fix_imbalance=False, fix_imbalance_method=None, transform_target=True, transform_target_method=box-cox, data_split_shuffle=True, data_split_stratify=False, fold_strategy=kfold, fold=10, fold_shuffle=False, fold_groups=None, n_jobs=-1, use_gpu=False, custom_pipeline=None, html=True, session_id=None, log_experiment=True, experiment_name=None, log_plots=False, log_profile=False, log_data=False, silent=False, verbose=True, profile=False, profile_kwargs=None, display=None)
2022-10-11 22:45:48,778:INFO:Checking environment
2022-10-11 22:45:48,778:INFO:python_version: 3.9.12
2022-10-11 22:45:48,778:INFO:python_build: ('main', 'Apr  4 2022 05:22:27')
2022-10-11 22:45:48,778:INFO:machine: AMD64
2022-10-11 22:45:48,778:INFO:platform: Windows-10-10.0.22000-SP0
2022-10-11 22:45:48,778:INFO:Memory: svmem(total=8299257856, available=1774333952, percent=78.6, used=6524923904, free=1774333952)
2022-10-11 22:45:48,778:INFO:Physical Core: 4
2022-10-11 22:45:48,778:INFO:Logical Core: 8
2022-10-11 22:45:48,778:INFO:Checking libraries
2022-10-11 22:45:48,778:INFO:pd==1.4.2
2022-10-11 22:45:48,778:INFO:numpy==1.21.5
2022-10-11 22:45:48,778:INFO:sklearn==1.1.1
2022-10-11 22:45:48,778:INFO:xgboost==1.6.2
2022-10-11 22:45:48,778:INFO:lightgbm==3.3.2
2022-10-11 22:45:48,778:INFO:catboost==1.1
2022-10-11 22:45:48,778:INFO:mlflow==1.29.0
2022-10-11 22:45:48,778:INFO:Checking Exceptions
2022-10-11 22:45:48,778:INFO:Declaring global variables
2022-10-11 22:45:48,778:INFO:USI: ae06
2022-10-11 22:45:48,778:INFO:pycaret_globals: {'X', 'fix_imbalance_method_param', 'transform_target_param', '_internal_pipeline', 'transform_target_method_param', 'y', 'fold_groups_param', 'pycaret_globals', 'stratify_param', 'data_before_preprocess', 'n_jobs_param', 'iterative_imputation_iters_param', '_all_models', 'fold_param', 'y_test', 'X_test', 'fold_shuffle_param', 'imputation_classifier', '_all_models_internal', 'seed', '_gpu_n_jobs_param', 'create_model_container', 'imputation_regressor', 'logging_param', '_available_plots', 'target_param', 'y_train', 'exp_name_log', 'html_param', 'prep_pipe', '_all_metrics', '_ml_usecase', 'fold_generator', 'USI', 'X_train', 'master_model_container', 'experiment__', 'gpu_param', 'log_plots_param', 'display_container', 'fix_imbalance_param'}
2022-10-11 22:45:48,778:INFO:Preparing display monitor
2022-10-11 22:45:48,778:INFO:Preparing display monitor
2022-10-11 22:45:48,786:INFO:Importing libraries
2022-10-11 22:45:48,794:INFO:Copying data for preprocessing
2022-10-11 22:45:48,802:INFO:Declaring preprocessing parameters
2022-10-11 22:45:48,802:INFO:Creating preprocessing pipeline
2022-10-11 22:45:48,866:INFO:Preprocessing pipeline created successfully
2022-10-11 22:45:48,866:ERROR:(Process Exit): setup has been interupted with user command 'quit'. setup must rerun.
2022-10-11 22:45:48,866:INFO:Creating global containers
2022-10-11 22:46:10,596:INFO:PyCaret Supervised Module
2022-10-11 22:46:10,596:INFO:ML Usecase: regression
2022-10-11 22:46:10,596:INFO:version 2.2.2
2022-10-11 22:46:10,596:INFO:Initializing setup()
2022-10-11 22:46:10,604:INFO:setup(target=cc_cons, ml_usecase=regression, available_plots={'parameter': 'Hyperparameters', 'residuals': 'Residuals', 'error': 'Prediction Error', 'cooks': 'Cooks Distance', 'rfe': 'Feature Selection', 'learning': 'Learning Curve', 'manifold': 'Manifold Learning', 'vc': 'Validation Curve', 'feature': 'Feature Importance', 'feature_all': 'Feature Importance (All)', 'tree': 'Decision Tree'}, train_size=0.7, test_data=None, preprocess=True, imputation_type=simple, iterative_imputation_iters=5, categorical_features=None, categorical_imputation=constant, categorical_iterative_imputer=lightgbm, ordinal_features=None, high_cardinality_features=None, high_cardinality_method=frequency, numeric_features=None, numeric_imputation=mean, numeric_iterative_imputer=lightgbm, date_features=None, ignore_features=None, normalize=False, normalize_method=zscore, transformation=False, transformation_method=yeo-johnson, handle_unknown_categorical=True, unknown_categorical_method=least_frequent, pca=False, pca_method=linear, pca_components=None, ignore_low_variance=False, combine_rare_levels=False, rare_level_threshold=0.1, bin_numeric_features=None, remove_outliers=False, outliers_threshold=0.05, remove_multicollinearity=False, multicollinearity_threshold=0.9, remove_perfect_collinearity=True, create_clusters=False, cluster_iter=20, polynomial_features=False, polynomial_degree=2, trigonometry_features=False, polynomial_threshold=0.1, group_features=None, group_names=None, feature_selection=False, feature_selection_threshold=0.8, feature_selection_method=classic, feature_interaction=False, feature_ratio=False, interaction_threshold=0.01, fix_imbalance=False, fix_imbalance_method=None, transform_target=True, transform_target_method=box-cox, data_split_shuffle=True, data_split_stratify=False, fold_strategy=kfold, fold=10, fold_shuffle=False, fold_groups=None, n_jobs=-1, use_gpu=False, custom_pipeline=None, html=True, session_id=None, log_experiment=True, experiment_name=None, log_plots=False, log_profile=False, log_data=False, silent=False, verbose=True, profile=False, profile_kwargs=None, display=None)
2022-10-11 22:46:10,604:INFO:Checking environment
2022-10-11 22:46:10,604:INFO:python_version: 3.9.12
2022-10-11 22:46:10,604:INFO:python_build: ('main', 'Apr  4 2022 05:22:27')
2022-10-11 22:46:10,604:INFO:machine: AMD64
2022-10-11 22:46:10,604:INFO:platform: Windows-10-10.0.22000-SP0
2022-10-11 22:46:10,604:INFO:Memory: svmem(total=8299257856, available=1760219136, percent=78.8, used=6539038720, free=1760219136)
2022-10-11 22:46:10,604:INFO:Physical Core: 4
2022-10-11 22:46:10,604:INFO:Logical Core: 8
2022-10-11 22:46:10,604:INFO:Checking libraries
2022-10-11 22:46:10,604:INFO:pd==1.4.2
2022-10-11 22:46:10,604:INFO:numpy==1.21.5
2022-10-11 22:46:10,604:INFO:sklearn==1.1.1
2022-10-11 22:46:10,604:INFO:xgboost==1.6.2
2022-10-11 22:46:10,604:INFO:lightgbm==3.3.2
2022-10-11 22:46:10,604:INFO:catboost==1.1
2022-10-11 22:46:10,604:INFO:mlflow==1.29.0
2022-10-11 22:46:10,604:INFO:Checking Exceptions
2022-10-11 22:46:10,604:INFO:Declaring global variables
2022-10-11 22:46:10,604:INFO:USI: 4eaa
2022-10-11 22:46:10,604:INFO:pycaret_globals: {'X', 'fix_imbalance_method_param', 'transform_target_param', '_internal_pipeline', 'transform_target_method_param', 'y', 'fold_groups_param', 'pycaret_globals', 'stratify_param', 'data_before_preprocess', 'n_jobs_param', 'iterative_imputation_iters_param', '_all_models', 'fold_param', 'y_test', 'X_test', 'fold_shuffle_param', 'imputation_classifier', '_all_models_internal', 'seed', '_gpu_n_jobs_param', 'create_model_container', 'imputation_regressor', 'logging_param', '_available_plots', 'target_param', 'y_train', 'exp_name_log', 'html_param', 'prep_pipe', '_all_metrics', '_ml_usecase', 'fold_generator', 'USI', 'X_train', 'master_model_container', 'experiment__', 'gpu_param', 'log_plots_param', 'display_container', 'fix_imbalance_param'}
2022-10-11 22:46:10,604:INFO:Preparing display monitor
2022-10-11 22:46:10,604:INFO:Preparing display monitor
2022-10-11 22:46:10,620:INFO:Importing libraries
2022-10-11 22:46:10,621:INFO:Copying data for preprocessing
2022-10-11 22:46:10,629:INFO:Declaring preprocessing parameters
2022-10-11 22:46:10,637:INFO:Creating preprocessing pipeline
2022-10-11 22:46:10,697:INFO:Preprocessing pipeline created successfully
2022-10-11 22:46:10,697:ERROR:(Process Exit): setup has been interupted with user command 'quit'. setup must rerun.
2022-10-11 22:46:10,697:INFO:Creating global containers
